<DATE>		<AUTHOR>		<CHANGES>

Version 5.3.0:
08/06/16	Jordi Aguilar	- Added HLS.js support
31/05/16	Jordi Aguilar 	- Added player type (ie: videojs-hls or videojs-ima) to pluginName.
31/05/16	Jordi Aguilar 	- Compiled with 5.3 lib version

Version 5.1.4:
14/04/16	Jordi Aguilar	- Compiled with 5.2 lib version

Version 5.1.3:
11/03/16	Jordi Aguilar	- Added support to adnalyzer: brightcove-ads

Version 5.1.2:
01/03/16	Jordi Aguilar	- Added support to adnalyzers: ima3

Version 5.1.1:
15/02/16	Jordi Aguilar	- Built with 5.1 lib version
15/02/16	Jordi Aguilar	- Migrating plugin instantiate to be similar to 5.1.0-vjs4
15/02/16	Jordi Aguilar	- Added Bcove OVP info support

Version 3.1.1/5.1.0:
09/11/15	Jordi Aguilar	- Build with 2.0 lib version
25/11/15	Jordi Aguilar	- Calling <player>.youbora({ <options> }) a second time, will re-set youboraData options. Useful for playlists.

Version 3.1.0:
28/10/15	Jordi Aguilar	- New plugin 3.1.0
